<?xml version="1.0" encoding="UTF-8"?>
<testng-results skipped="0" failed="0" ignored="0" total="1" passed="1">
  <reporter-output>
  </reporter-output>
  <suite name="Default suite" duration-ms="2097" started-at="2019-07-03T16:08:05Z" finished-at="2019-07-03T16:08:07Z">
    <groups>
    </groups>
    <test name="Default test" duration-ms="2097" started-at="2019-07-03T16:08:05Z" finished-at="2019-07-03T16:08:07Z">
      <class name="api.qa.tests.PostAPITest">
        <test-method status="PASS" signature="setUp()[pri:0, instance:api.qa.tests.PostAPITest@1ed4004b]" name="setUp" is-config="true" duration-ms="6" started-at="2019-07-03T16:08:05Z" finished-at="2019-07-03T16:08:05Z">
          <reporter-output>
          </reporter-output>
        </test-method> <!-- setUp -->
        <test-method status="PASS" signature="postAPITest()[pri:0, instance:api.qa.tests.PostAPITest@1ed4004b]" name="postAPITest" duration-ms="2069" started-at="2019-07-03T16:08:05Z" finished-at="2019-07-03T16:08:07Z">
          <reporter-output>
          </reporter-output>
        </test-method> <!-- postAPITest -->
      </class> <!-- api.qa.tests.PostAPITest -->
    </test> <!-- Default test -->
  </suite> <!-- Default suite -->
</testng-results>
